{"message":"connected to mongodb ","level":"info"}
{"message":"connected to mongodb ","level":"info"}
{"message":"connected to mongodb ","level":"info"}
{"message":"connected to mongodb ","level":"info"}
{"message":"connected to mongodb ","level":"info"}
{"message":"listening at port 3030","level":"info"}
{"message":"connected to mongodb ","level":"info"}
{"message":"listening at port 3030","level":"info"}
{"message":"listening at port 3030","level":"info"}
{"message":"connected to mongodb ","level":"info"}
{"message":"connected to mongodb ","level":"info"}
{"message":"connected to mongodb ","level":"info"}
{"message":"connected to mongodb ","level":"info"}
{"message":"connected to mongodb ","level":"info"}
{"message":"connected to mongodb ","level":"info"}
{"message":"connected to mongodb ","level":"info"}
{"message":"connected to mongodb ","level":"info"}
{"message":"listening at port 3030","level":"info"}
{"message":"connected to mongodb ","level":"info"}
{"message":"listening at port 3030","level":"info"}
{"message":"connected to mongodb ","level":"info"}
{"message":"listening at port 3030","level":"info"}
{"message":"connected to mongodb ","level":"info"}
{"message":"listening at port 3030","level":"info"}
{"message":"connected to mongodb ","level":"info"}
{"message":"listening at port 3030","level":"info"}
{"message":"connected to mongodb ","level":"info"}
{"errors":{"pixel":{"stringValue":"\"[\n  { name: '1020', color: '#ffffff' },\n  { name: '1020', color: '#ffffff' },\n  { name: '1020', color: '#ffffff' },\n  { name: '1020', color: '#ffffff' },\n  { name: '1020', color: '#ffffff' }\n]\"","valueType":"Array","kind":"Embedded","value":[{"name":"1020","color":"#ffffff"},{"name":"1020","color":"#ffffff"},{"name":"1020","color":"#ffffff"},{"name":"1020","color":"#ffffff"},{"name":"1020","color":"#ffffff"}],"path":"pixel","reason":{"path":"pixel"},"name":"CastError","message":"Cast to Embedded failed for value \"[\n  { name: '1020', color: '#ffffff' },\n  { name: '1020', color: '#ffffff' },\n  { name: '1020', color: '#ffffff' },\n  { name: '1020', color: '#ffffff' },\n  { name: '1020', color: '#ffffff' }\n]\" (type Array) at path \"pixel\""}},"_message":"Art validation failed","level":"error","name":"ValidationError","message":"Art validation failed: pixel: Cast to Embedded failed for value \"[\n  { name: '1020', color: '#ffffff' },\n  { name: '1020', color: '#ffffff' },\n  { name: '1020', color: '#ffffff' },\n  { name: '1020', color: '#ffffff' },\n  { name: '1020', color: '#ffffff' }\n]\" (type Array) at path \"pixel\""}
{"errors":{"pixel":{"stringValue":"\"[\n  { name: '1020', color: '#ffffff' },\n  { name: '1020', color: '#ffffff' },\n  { name: '1020', color: '#ffffff' },\n  { name: '1020', color: '#ffffff' },\n  { name: '1020', color: '#ffffff' }\n]\"","valueType":"Array","kind":"Embedded","value":[{"name":"1020","color":"#ffffff"},{"name":"1020","color":"#ffffff"},{"name":"1020","color":"#ffffff"},{"name":"1020","color":"#ffffff"},{"name":"1020","color":"#ffffff"}],"path":"pixel","reason":{"path":"pixel"},"name":"CastError","message":"Cast to Embedded failed for value \"[\n  { name: '1020', color: '#ffffff' },\n  { name: '1020', color: '#ffffff' },\n  { name: '1020', color: '#ffffff' },\n  { name: '1020', color: '#ffffff' },\n  { name: '1020', color: '#ffffff' }\n]\" (type Array) at path \"pixel\""}},"_message":"Art validation failed","level":"error","name":"ValidationError","message":"Art validation failed: pixel: Cast to Embedded failed for value \"[\n  { name: '1020', color: '#ffffff' },\n  { name: '1020', color: '#ffffff' },\n  { name: '1020', color: '#ffffff' },\n  { name: '1020', color: '#ffffff' },\n  { name: '1020', color: '#ffffff' }\n]\" (type Array) at path \"pixel\""}
{"message":"connected to mongodb ","level":"info"}
{"message":"listening at port 3030","level":"info"}
{"message":"connected to mongodb ","level":"info"}
{"message":"listening at port 3030","level":"info"}
{"message":"connected to mongodb ","level":"info"}
{"errors":{"pixel.0.value":{"name":"ValidatorError","message":"cant have an empty pixelled artwork","properties":{"message":"cant have an empty pixelled artwork","type":"user defined","path":"value","value":[]},"kind":"user defined","path":"value","value":[],"$isArrayValidatorError":true},"pixel.1.value":{"name":"ValidatorError","message":"cant have an empty pixelled artwork","properties":{"message":"cant have an empty pixelled artwork","type":"user defined","path":"value","value":[]},"kind":"user defined","path":"value","value":[],"$isArrayValidatorError":true},"pixel.2.value":{"name":"ValidatorError","message":"cant have an empty pixelled artwork","properties":{"message":"cant have an empty pixelled artwork","type":"user defined","path":"value","value":[]},"kind":"user defined","path":"value","value":[],"$isArrayValidatorError":true}},"_message":"Art validation failed","level":"error","name":"ValidationError","message":"Art validation failed: pixel.0.value: cant have an empty pixelled artwork, pixel.1.value: cant have an empty pixelled artwork, pixel.2.value: cant have an empty pixelled artwork"}
{"message":"listening at port 3030","level":"info"}
{"message":"connected to mongodb ","level":"info"}
{"errors":{"pixel.0.value":{"name":"ValidatorError","message":"cant have an empty pixelled artwork","properties":{"message":"cant have an empty pixelled artwork","type":"user defined","path":"value","value":[]},"kind":"user defined","path":"value","value":[],"$isArrayValidatorError":true},"pixel.1.value":{"name":"ValidatorError","message":"cant have an empty pixelled artwork","properties":{"message":"cant have an empty pixelled artwork","type":"user defined","path":"value","value":[]},"kind":"user defined","path":"value","value":[],"$isArrayValidatorError":true},"pixel.2.value":{"name":"ValidatorError","message":"cant have an empty pixelled artwork","properties":{"message":"cant have an empty pixelled artwork","type":"user defined","path":"value","value":[]},"kind":"user defined","path":"value","value":[],"$isArrayValidatorError":true}},"_message":"Art validation failed","level":"error","name":"ValidationError","message":"Art validation failed: pixel.0.value: cant have an empty pixelled artwork, pixel.1.value: cant have an empty pixelled artwork, pixel.2.value: cant have an empty pixelled artwork"}
{"message":"connected to mongodb ","level":"info"}
{"message":"connected to mongodb ","level":"info"}
{"message":"connected to mongodb ","level":"info"}
{"message":"listening at port 3030","level":"info"}
{"message":"connected to mongodb ","level":"info"}
{"message":"connected to mongodb ","level":"info"}
{"message":"connected to mongodb ","level":"info"}
{"message":"listening at port 3030","level":"info"}
{"message":"connected to mongodb ","level":"info"}
{"message":"listening at port 3030","level":"info"}
{"message":"connected to mongodb ","level":"info"}
{"message":"connected to mongodb ","level":"info"}
{"message":"connected to mongodb ","level":"info"}
{"message":"connected to mongodb ","level":"info"}
{"message":"connected to mongodb ","level":"info"}
{"message":"connected to mongodb ","level":"info"}
{"message":"connected to mongodb ","level":"info"}
{"message":"listening at port 3030","level":"info"}
{"message":"connected to mongodb ","level":"info"}
{"message":"listening at port 3030","level":"info"}
{"message":"connected to mongodb ","level":"info"}
{"message":"listening at port 3030","level":"info"}
{"message":"connected to mongodb ","level":"info"}
{"message":"connected to mongodb ","level":"info"}
{"message":"connected to mongodb ","level":"info"}
{"message":"connected to mongodb ","level":"info"}
{"message":"connected to mongodb ","level":"info"}
{"message":"connected to mongodb ","level":"info"}
{"message":"connected to mongodb ","level":"info"}
{"message":"connected to mongodb ","level":"info"}
{"message":"connected to mongodb ","level":"info"}
{"message":"connected to mongodb ","level":"info"}
{"message":"connected to mongodb ","level":"info"}
{"message":"connected to mongodb ","level":"info"}
{"message":"connected to mongodb ","level":"info"}
{"message":"connected to mongodb ","level":"info"}
{"message":"connected to mongodb ","level":"info"}
{"message":"connected to mongodb ","level":"info"}
{"message":"connected to mongodb ","level":"info"}
{"message":"connected to mongodb ","level":"info"}
{"message":"connected to mongodb ","level":"info"}
{"message":"connected to mongodb ","level":"info"}
{"message":"connected to mongodb ","level":"info"}
{"message":"connected to mongodb ","level":"info"}
{"message":"connected to mongodb ","level":"info"}
{"message":"connected to mongodb ","level":"info"}
{"message":"connected to mongodb ","level":"info"}
{"message":"connected to mongodb ","level":"info"}
{"message":"connected to mongodb ","level":"info"}
{"message":"connected to mongodb ","level":"info"}
{"message":"connected to mongodb ","level":"info"}
{"message":"connected to mongodb ","level":"info"}
{"message":"connected to mongodb ","level":"info"}
{"message":"connected to mongodb ","level":"info"}
{"message":"connected to mongodb ","level":"info"}
{"message":"connected to mongodb ","level":"info"}
{"message":"connected to mongodb ","level":"info"}
{"message":"connected to mongodb ","level":"info"}
{"message":"connected to mongodb ","level":"info"}
{"message":"connected to mongodb ","level":"info"}
{"message":"connected to mongodb ","level":"info"}
{"message":"connected to mongodb ","level":"info"}
{"message":"connected to mongodb ","level":"info"}
{"message":"connected to mongodb ","level":"info"}
{"message":"connected to mongodb ","level":"info"}
{"message":"connected to mongodb ","level":"info"}
{"message":"connected to mongodb ","level":"info"}
{"message":"connected to mongodb ","level":"info"}
{"message":"connected to mongodb ","level":"info"}
{"message":"connected to mongodb ","level":"info"}
{"message":"connected to mongodb ","level":"info"}
{"message":"connected to mongodb ","level":"info"}
{"message":"connected to mongodb ","level":"info"}
{"message":"connected to mongodb ","level":"info"}
{"message":"connected to mongodb ","level":"info"}
{"message":"connected to mongodb ","level":"info"}
{"message":"connected to mongodb ","level":"info"}
{"message":"connected to mongodb ","level":"info"}
{"message":"connected to mongodb ","level":"info"}
{"message":"connected to mongodb ","level":"info"}
{"message":"connected to mongodb ","level":"info"}
{"message":"connected to mongodb ","level":"info"}
{"message":"connected to mongodb ","level":"info"}
{"message":"connected to mongodb ","level":"info"}
{"message":"connected to mongodb ","level":"info"}
{"message":"connected to mongodb ","level":"info"}
{"message":"connected to mongodb ","level":"info"}
{"message":"connected to mongodb ","level":"info"}
{"message":"connected to mongodb ","level":"info"}
{"message":"connected to mongodb ","level":"info"}
{"message":"connected to mongodb ","level":"info"}
{"message":"connected to mongodb ","level":"info"}
{"message":"connected to mongodb ","level":"info"}
{"message":"connected to mongodb ","level":"info"}
{"message":"connected to mongodb ","level":"info"}
{"message":"connected to mongodb ","level":"info"}
{"message":"connected to mongodb ","level":"info"}
{"message":"connected to mongodb ","level":"info"}
{"message":"connected to mongodb ","level":"info"}
{"message":"connected to mongodb ","level":"info"}
{"message":"connected to mongodb ","level":"info"}
{"message":"connected to mongodb ","level":"info"}
{"message":"connected to mongodb ","level":"info"}
{"message":"connected to mongodb ","level":"info"}
{"message":"connected to mongodb ","level":"info"}
{"message":"connected to mongodb ","level":"info"}
{"message":"connected to mongodb ","level":"info"}
{"message":"connected to mongodb ","level":"info"}
{"message":"connected to mongodb ","level":"info"}
{"message":"connected to mongodb ","level":"info"}
{"message":"connected to mongodb ","level":"info"}
{"message":"connected to mongodb ","level":"info"}
{"message":"connected to mongodb ","level":"info"}
{"message":"connected to mongodb ","level":"info"}
{"message":"connected to mongodb ","level":"info"}
{"message":"connected to mongodb ","level":"info"}
{"message":"connected to mongodb ","level":"info"}
{"message":"connected to mongodb ","level":"info"}
{"message":"connected to mongodb ","level":"info"}
{"message":"connected to mongodb ","level":"info"}
{"message":"connected to mongodb ","level":"info"}
{"message":"connected to mongodb ","level":"info"}
{"message":"connected to mongodb ","level":"info"}
{"message":"connected to mongodb ","level":"info"}
{"message":"connected to mongodb ","level":"info"}
{"message":"connected to mongodb ","level":"info"}
{"message":"connected to mongodb ","level":"info"}
{"message":"connected to mongodb ","level":"info"}
{"message":"connected to mongodb ","level":"info"}
{"message":"connected to mongodb ","level":"info"}
{"message":"connected to mongodb ","level":"info"}
{"message":"connected to mongodb ","level":"info"}
{"message":"connected to mongodb ","level":"info"}
{"message":"connected to mongodb ","level":"info"}
{"message":"connected to mongodb ","level":"info"}
{"message":"connected to mongodb ","level":"info"}
{"message":"connected to mongodb ","level":"info"}
{"message":"connected to mongodb ","level":"info"}
{"message":"connected to mongodb ","level":"info"}
{"message":"connected to mongodb ","level":"info"}
{"message":"connected to mongodb ","level":"info"}
{"message":"connected to mongodb ","level":"info"}
{"message":"connected to mongodb ","level":"info"}
{"message":"connected to mongodb ","level":"info"}
{"message":"connected to mongodb ","level":"info"}
{"message":"connected to mongodb ","level":"info"}
{"message":"connected to mongodb ","level":"info"}
{"message":"connected to mongodb ","level":"info"}
{"message":"connected to mongodb ","level":"info"}
{"message":"connected to mongodb ","level":"info"}
{"message":"listening at port 3030","level":"info"}
{"message":"connected to mongodb ","level":"info"}
{"message":"listening at port 3030","level":"info"}
{"message":"connected to mongodb ","level":"info"}
{"message":"connected to mongodb ","level":"info"}
{"message":"connected to mongodb ","level":"info"}
{"message":"listening at port 3030","level":"info"}
{"message":"connected to mongodb ","level":"info"}
{"message":"connected to mongodb ","level":"info"}
{"message":"listening at port 3030","level":"info"}
{"message":"connected to mongodb ","level":"info"}
{"message":"listening at port 3030","level":"info"}
{"message":"connected to mongodb ","level":"info"}
{"errors":{"pixel.0.value.0.color":{"name":"ValidatorError","message":"Path `color` is required.","properties":{"message":"Path `color` is required.","type":"required","path":"color"},"kind":"required","path":"color"},"pixel.0.value.0.name":{"name":"ValidatorError","message":"Path `name` is required.","properties":{"message":"Path `name` is required.","type":"required","path":"name"},"kind":"required","path":"name"},"pixel.0.value.1.color":{"name":"ValidatorError","message":"Path `color` is required.","properties":{"message":"Path `color` is required.","type":"required","path":"color"},"kind":"required","path":"color"},"pixel.0.value.1.name":{"name":"ValidatorError","message":"Path `name` is required.","properties":{"message":"Path `name` is required.","type":"required","path":"name"},"kind":"required","path":"name"},"pixel.0.value.2.color":{"name":"ValidatorError","message":"Path `color` is required.","properties":{"message":"Path `color` is required.","type":"required","path":"color"},"kind":"required","path":"color"},"pixel.0.value.2.name":{"name":"ValidatorError","message":"Path `name` is required.","properties":{"message":"Path `name` is required.","type":"required","path":"name"},"kind":"required","path":"name"}},"_message":"Art validation failed","level":"error","name":"ValidationError","message":"Art validation failed: pixel.0.value.0.color: Path `color` is required., pixel.0.value.0.name: Path `name` is required., pixel.0.value.1.color: Path `color` is required., pixel.0.value.1.name: Path `name` is required., pixel.0.value.2.color: Path `color` is required., pixel.0.value.2.name: Path `name` is required."}
{"message":"connected to mongodb ","level":"info"}
{"message":"connected to mongodb ","level":"info"}
{"message":"connected to mongodb ","level":"info"}
{"message":"connected to mongodb ","level":"info"}
{"message":"connected to mongodb ","level":"info"}
{"message":"connected to mongodb ","level":"info"}
{"message":"connected to mongodb ","level":"info"}
{"message":"connected to mongodb ","level":"info"}
{"message":"connected to mongodb ","level":"info"}
{"message":"connected to mongodb ","level":"info"}
{"message":"connected to mongodb ","level":"info"}
{"message":"connected to mongodb ","level":"info"}
{"message":"connected to mongodb ","level":"info"}
{"message":"connected to mongodb ","level":"info"}
{"message":"connected to mongodb ","level":"info"}
{"message":"connected to mongodb ","level":"info"}
{"message":"connected to mongodb ","level":"info"}
{"message":"connected to mongodb ","level":"info"}
{"message":"connected to mongodb ","level":"info"}
{"message":"listening at port 3030","level":"info"}
{"message":"connected to mongodb ","level":"info"}
{"message":"listening at port 3030","level":"info"}
{"message":"connected to mongodb ","level":"info"}
{"message":"connected to mongodb ","level":"info"}
{"message":"connected to mongodb ","level":"info"}
{"message":"connected to mongodb ","level":"info"}
{"message":"connected to mongodb ","level":"info"}
{"message":"connected to mongodb ","level":"info"}
{"message":"connected to mongodb ","level":"info"}
{"message":"connected to mongodb ","level":"info"}
{"message":"connected to mongodb ","level":"info"}
{"message":"connected to mongodb ","level":"info"}
{"message":"connected to mongodb ","level":"info"}
{"message":"connected to mongodb ","level":"info"}
{"message":"connected to mongodb ","level":"info"}
{"message":"connected to mongodb ","level":"info"}
{"message":"connected to mongodb ","level":"info"}
{"message":"connected to mongodb ","level":"info"}
{"message":"connected to mongodb ","level":"info"}
{"message":"connected to mongodb ","level":"info"}
{"message":"connected to mongodb ","level":"info"}
{"message":"connected to mongodb ","level":"info"}
{"message":"connected to mongodb ","level":"info"}
{"message":"connected to mongodb ","level":"info"}
{"message":"connected to mongodb ","level":"info"}
{"message":"connected to mongodb ","level":"info"}
{"message":"connected to mongodb ","level":"info"}
{"message":"connected to mongodb ","level":"info"}
{"message":"listening at port 3030","level":"info"}
{"message":"connected to mongodb ","level":"info"}
{"message":"listening at port 3030","level":"info"}
{"message":"connected to mongodb ","level":"info"}
{"message":"listening at port 3030","level":"info"}
{"message":"connected to mongodb ","level":"info"}
{"errors":{"username":{"stringValue":"\"[ 'Godisgood@gmail.com' ]\"","valueType":"Array","kind":"string","value":["Godisgood@gmail.com"],"path":"username","reason":null,"name":"CastError","message":"Cast to string failed for value \"[ 'Godisgood@gmail.com' ]\" (type Array) at path \"username\""}},"_message":"User validation failed","level":"error","name":"ValidationError","message":"User validation failed: username: Cast to string failed for value \"[ 'Godisgood@gmail.com' ]\" (type Array) at path \"username\""}
{"message":"listening at port 3030","level":"info"}
{"message":"connected to mongodb ","level":"info"}
{"errors":{"username":{"stringValue":"\"[ 'Godisgood@gmail.com' ]\"","valueType":"Array","kind":"string","value":["Godisgood@gmail.com"],"path":"username","reason":null,"name":"CastError","message":"Cast to string failed for value \"[ 'Godisgood@gmail.com' ]\" (type Array) at path \"username\""}},"_message":"User validation failed","level":"error","name":"ValidationError","message":"User validation failed: username: Cast to string failed for value \"[ 'Godisgood@gmail.com' ]\" (type Array) at path \"username\""}
{"message":"listening at port 3030","level":"info"}
{"message":"connected to mongodb ","level":"info"}
{"message":"listening at port 3030","level":"info"}
{"message":"connected to mongodb ","level":"info"}
{"message":"listening at port 3030","level":"info"}
{"message":"connected to mongodb ","level":"info"}
{"message":"listening at port 3030","level":"info"}
{"message":"connected to mongodb ","level":"info"}
{"message":"listening at port 3030","level":"info"}
{"message":"connected to mongodb ","level":"info"}
{"message":"listening at port 3030","level":"info"}
{"message":"connected to mongodb ","level":"info"}
{"message":"listening at port 3030","level":"info"}
{"message":"connected to mongodb ","level":"info"}
{"message":"listening at port 3030","level":"info"}
{"message":"connected to mongodb ","level":"info"}
{"message":"listening at port 3030","level":"info"}
{"message":"connected to mongodb ","level":"info"}
{"message":"listening at port 3030","level":"info"}
{"message":"connected to mongodb ","level":"info"}
{"message":"listening at port 3030","level":"info"}
{"message":"connected to mongodb ","level":"info"}
{"message":"connected to mongodb ","level":"info"}
{"message":"listening at port 3030","level":"info"}
{"message":"connected to mongodb ","level":"info"}
{"message":"listening at port 3030","level":"info"}
{"message":"connected to mongodb ","level":"info"}
{"message":"listening at port 3030","level":"info"}
{"message":"connected to mongodb ","level":"info"}
{"message":"listening at port 3030","level":"info"}
{"message":"connected to mongodb ","level":"info"}
